[    0.000000] Linux version 4.15.0-197-generic (buildd@lcy02-amd64-110) (gcc version 7.5.0 (Ubuntu 7.5.0-3ubuntu1~18.04)) #208-Ubuntu SMP Tue Nov 1 17:23:37 UTC 2022 (Ubuntu 4.15.0-197.208-generic 4.15.18)
[    0.000000] Command line: BOOT_IMAGE=/boot/vmlinuz-4.15.0-197-generic root=LABEL=cloudimg-rootfs ro console=tty1 console=ttyS0
[    0.000000] KERNEL supported cpus:
[    0.000000]   Intel GenuineIntel
[    0.000000]   AMD AuthenticAMD
[    0.000000]   Centaur CentaurHauls
[    0.000000] x86/fpu: Supporting XSAVE feature 0x001: 'x87 floating point registers'
[    0.000000] x86/fpu: Supporting XSAVE feature 0x002: 'SSE registers'
[    0.000000] x86/fpu: Supporting XSAVE feature 0x004: 'AVX registers'
[    0.000000] x86/fpu: xstate_offset[2]:  576, xstate_sizes[2]:  256
[    0.000000] x86/fpu: Enabled xstate features 0x7, context size is 832 bytes, using 'standard' format.
[    0.000000] e820: BIOS-provided physical RAM map:
[    0.000000] BIOS-e820: [mem 0x0000000000000000-0x000000000009fbff] usable
[    0.000000] BIOS-e820: [mem 0x000000000009fc00-0x000000000009ffff] reserved
[    0.000000] BIOS-e820: [mem 0x00000000000f0000-0x00000000000fffff] reserved
[    0.000000] BIOS-e820: [mem 0x0000000000100000-0x000000003ffeffff] usable
[    0.000000] BIOS-e820: [mem 0x000000003fff0000-0x000000003fffffff] ACPI data
[    0.000000] BIOS-e820: [mem 0x00000000fec00000-0x00000000fec00fff] reserved
[    0.000000] BIOS-e820: [mem 0x00000000fee00000-0x00000000fee00fff] reserved
[    0.000000] BIOS-e820: [mem 0x00000000fffc0000-0x00000000ffffffff] reserved
[    0.000000] NX (Execute Disable) protection: active
[    0.000000] SMBIOS 2.5 present.
[    0.000000] DMI: innotek GmbH VirtualBox/VirtualBox, BIOS VirtualBox 12/01/2006
[    0.000000] Hypervisor detected: KVM
[    0.000000] e820: last_pfn = 0x3fff0 max_arch_pfn = 0x400000000
[    0.000000] MTRR: Disabled
[    0.000000] x86/PAT: MTRRs disabled, skipping PAT initialization too.
[    0.000000] CPU MTRRs all blank - virtualized system.
[    0.000000] x86/PAT: Configuration [0-7]: WB  WT  UC- UC  WB  WT  UC- UC  
[    0.000000] found SMP MP-table at [mem 0x0009fff0-0x0009ffff]
[    0.000000] Scanning 1 areas for low memory corruption
[    0.000000] RAMDISK: [mem 0x359c7000-0x36cdafff]
[    0.000000] ACPI: Early table checksum verification disabled
[    0.000000] ACPI: RSDP 0x00000000000E0000 000024 (v02 VBOX  )
[    0.000000] ACPI: XSDT 0x000000003FFF0030 00003C (v01 VBOX   VBOXXSDT 00000001 ASL  00000061)
[    0.000000] ACPI: FACP 0x000000003FFF00F0 0000F4 (v04 VBOX   VBOXFACP 00000001 ASL  00000061)
[    0.000000] ACPI: DSDT 0x000000003FFF0610 002353 (v02 VBOX   VBOXBIOS 00000002 INTL 20100528)
[    0.000000] ACPI: FACS 0x000000003FFF0200 000040
[    0.000000] ACPI: FACS 0x000000003FFF0200 000040
[    0.000000] ACPI: APIC 0x000000003FFF0240 00005C (v02 VBOX   VBOXAPIC 00000001 ASL  00000061)
[    0.000000] ACPI: SSDT 0x000000003FFF02A0 00036C (v01 VBOX   VBOXCPUT 00000002 INTL 20100528)
[    0.000000] ACPI: Reserving FACP table memory at [mem 0x3fff00f0-0x3fff01e3]
[    0.000000] ACPI: Reserving DSDT table memory at [mem 0x3fff0610-0x3fff2962]
[    0.000000] ACPI: Reserving FACS table memory at [mem 0x3fff0200-0x3fff023f]
[    0.000000] ACPI: Reserving FACS table memory at [mem 0x3fff0200-0x3fff023f]
[    0.000000] ACPI: Reserving APIC table memory at [mem 0x3fff0240-0x3fff029b]
[    0.000000] ACPI: Reserving SSDT table memory at [mem 0x3fff02a0-0x3fff060b]
[    0.000000] No NUMA configuration found
[    0.000000] Faking a node at [mem 0x0000000000000000-0x000000003ffeffff]
[    0.000000] NODE_DATA(0) allocated [mem 0x3ffc5000-0x3ffeffff]
[    0.000000] kvm-clock: cpu 0, msr 0:3ff44001, primary cpu clock
[    0.000000] kvm-clock: Using msrs 4b564d01 and 4b564d00
[    0.000000] kvm-clock: using sched offset of 3314433659 cycles
[    0.000000] clocksource: kvm-clock: mask: 0xffffffffffffffff max_cycles: 0x1cd42e4dffb, max_idle_ns: 881590591483 ns
[    0.000000] Zone ranges:
[    0.000000]   DMA      [mem 0x0000000000001000-0x0000000000ffffff]
[    0.000000]   DMA32    [mem 0x0000000001000000-0x000000003ffeffff]
[    0.000000]   Normal   empty
[    0.000000]   Device   empty
[    0.000000] Movable zone start for each node
[    0.000000] Early memory node ranges
[    0.000000]   node   0: [mem 0x0000000000001000-0x000000000009efff]
[    0.000000]   node   0: [mem 0x0000000000100000-0x000000003ffeffff]
[    0.000000] Reserved but unavailable: 104 pages
[    0.000000] Initmem setup node 0 [mem 0x0000000000001000-0x000000003ffeffff]
[    0.000000] ACPI: PM-Timer IO Port: 0x4008
[    0.000000] IOAPIC[0]: apic_id 2, version 32, address 0xfec00000, GSI 0-23
[    0.000000] ACPI: INT_SRC_OVR (bus 0 bus_irq 0 global_irq 2 dfl dfl)
[    0.000000] ACPI: INT_SRC_OVR (bus 0 bus_irq 9 global_irq 9 low level)
[    0.000000] Using ACPI (MADT) for SMP configuration information
[    0.000000] smpboot: Allowing 2 CPUs, 0 hotplug CPUs
[    0.000000] PM: Registered nosave memory: [mem 0x00000000-0x00000fff]
[    0.000000] PM: Registered nosave memory: [mem 0x0009f000-0x0009ffff]
[    0.000000] PM: Registered nosave memory: [mem 0x000a0000-0x000effff]
[    0.000000] PM: Registered nosave memory: [mem 0x000f0000-0x000fffff]
[    0.000000] e820: [mem 0x40000000-0xfebfffff] available for PCI devices
[    0.000000] Booting paravirtualized kernel on KVM
[    0.000000] clocksource: refined-jiffies: mask: 0xffffffff max_cycles: 0xffffffff, max_idle_ns: 7645519600211568 ns
[    0.000000] setup_percpu: NR_CPUS:8192 nr_cpumask_bits:2 nr_cpu_ids:2 nr_node_ids:1
[    0.000000] percpu: Embedded 50 pages/cpu s167936 r8192 d28672 u1048576
[    0.000000] PV qspinlock hash table entries: 256 (order: 0, 4096 bytes)
[    0.000000] Built 1 zonelists, mobility grouping on.  Total pages: 257913
[    0.000000] Policy zone: DMA32
[    0.000000] Kernel command line: BOOT_IMAGE=/boot/vmlinuz-4.15.0-197-generic root=LABEL=cloudimg-rootfs ro console=tty1 console=ttyS0
[    0.000000] Memory: 982644K/1048120K available (12300K kernel code, 2477K rwdata, 4320K rodata, 2472K init, 2720K bss, 65476K reserved, 0K cma-reserved)
[    0.000000] SLUB: HWalign=64, Order=0-3, MinObjects=0, CPUs=2, Nodes=1
[    0.000000] Kernel/User page tables isolation: enabled
[    0.000000] ftrace: allocating 39478 entries in 155 pages
[    0.004000] Hierarchical RCU implementation.
[    0.004000] 	RCU restricting CPUs from NR_CPUS=8192 to nr_cpu_ids=2.
[    0.004000] 	Tasks RCU enabled.
[    0.004000] RCU: Adjusting geometry for rcu_fanout_leaf=16, nr_cpu_ids=2
[    0.004000] NR_IRQS: 524544, nr_irqs: 440, preallocated irqs: 16
[    0.004000] random: crng init done
[    0.004000] Console: colour VGA+ 80x25
[    0.004000] console [tty1] enabled
[    0.004000] console [ttyS0] enabled
[    0.004000] ACPI: Core revision 20170831
[    0.004000] ACPI: 2 ACPI AML tables successfully acquired and loaded
[    0.004000] APIC: Switch to symmetric I/O mode setup
[    0.004000] x2apic enabled
[    0.004000] Switched APIC routing to physical x2apic.
[    0.004000] ..TIMER: vector=0x30 apic1=0 pin1=2 apic2=-1 pin2=-1
[    0.004006] tsc: Detected 3600.000 MHz processor
[    0.004915] Calibrating delay loop (skipped) preset value.. 7200.00 BogoMIPS (lpj=14400000)
[    0.008005] pid_max: default: 32768 minimum: 301
[    0.009310] Security Framework initialized
[    0.010541] Yama: becoming mindful.
[    0.012041] AppArmor: AppArmor initialized
[    0.016023] Dentry cache hash table entries: 131072 (order: 8, 1048576 bytes)
[    0.018068] Inode-cache hash table entries: 65536 (order: 7, 524288 bytes)
[    0.020032] Mount-cache hash table entries: 2048 (order: 2, 16384 bytes)
[    0.022070] Mountpoint-cache hash table entries: 2048 (order: 2, 16384 bytes)
[    0.024275] Last level iTLB entries: 4KB 64, 2MB 8, 4MB 8
[    0.025928] Last level dTLB entries: 4KB 64, 2MB 0, 4MB 0, 1GB 4
[    0.028003] Spectre V1 : Mitigation: usercopy/swapgs barriers and __user pointer sanitization
[    0.030805] Spectre V2 : Mitigation: Retpolines
[    0.032004] Spectre V2 : Spectre v2 / SpectreRSB mitigation: Filling RSB on context switch
[    0.034583] Speculative Store Bypass: Vulnerable
[    0.036184] MDS: Mitigation: Clear CPU buffers
[    0.037449] MMIO Stale Data: Mitigation: Clear CPU buffers
[    0.038918] SRBDS: Unknown: Dependent on hypervisor status
[    0.040260] Freeing SMP alternatives memory: 36K
[    0.153070] smpboot: CPU0: Intel(R) Core(TM) i3-6098P CPU @ 3.60GHz (family: 0x6, model: 0x5e, stepping: 0x3)
[    0.155203] Performance Events: unsupported p6 CPU model 94 no PMU driver, software events only.
[    0.156027] Hierarchical SRCU implementation.
[    0.157361] NMI watchdog: Perf event create on CPU 0 failed with -2
[    0.158525] NMI watchdog: Perf NMI watchdog permanently disabled
[    0.159676] smp: Bringing up secondary CPUs ...
[    0.160128] x86: Booting SMP configuration:
[    0.161234] .... node  #0, CPUs:      #1
[    0.004000] kvm-clock: cpu 1, msr 0:3ff44041, secondary cpu clock
[    0.167128] smp: Brought up 1 node, 2 CPUs
[    0.167128] smpboot: Max logical packages: 1
[    0.168006] smpboot: Total of 2 processors activated (14400.00 BogoMIPS)
[    0.169893] devtmpfs: initialized
[    0.169893] x86/mm: Memory block size: 128MB
[    0.172152] evm: security.selinux
[    0.172809] evm: security.SMACK64
[    0.173484] evm: security.SMACK64EXEC
[    0.174198] evm: security.SMACK64TRANSMUTE
[    0.175027] evm: security.SMACK64MMAP
[    0.176002] evm: security.apparmor
[    0.176714] evm: security.ima
[    0.177317] evm: security.capability
[    0.178043] clocksource: jiffies: mask: 0xffffffff max_cycles: 0xffffffff, max_idle_ns: 7645041785100000 ns
[    0.180011] futex hash table entries: 512 (order: 3, 32768 bytes)
[    0.181206] pinctrl core: initialized pinctrl subsystem
[    0.184063] RTC time: 10:17:32, date: 11/22/22
[    0.185183] NET: Registered protocol family 16
[    0.186221] audit: initializing netlink subsys (disabled)
[    0.188032] audit: type=2000 audit(1669112257.319:1): state=initialized audit_enabled=0 res=1
[    0.189695] cpuidle: using governor ladder
[    0.189695] cpuidle: using governor menu
[    0.189695] ACPI: bus type PCI registered
[    0.192008] acpiphp: ACPI Hot Plug PCI Controller Driver version: 0.5
[    0.193311] PCI: Using configuration type 1 for base access
[    0.196028] HugeTLB registered 2.00 MiB page size, pre-allocated 0 pages
[    0.197321] ACPI: Added _OSI(Module Device)
[    0.197321] ACPI: Added _OSI(Processor Device)
[    0.197777] ACPI: Added _OSI(3.0 _SCP Extensions)
[    0.200003] ACPI: Added _OSI(Processor Aggregator Device)
[    0.201450] ACPI: Added _OSI(Linux-Dell-Video)
[    0.202524] ACPI: Added _OSI(Linux-Lenovo-NV-HDMI-Audio)
[    0.204012] ACPI: Added _OSI(Linux-HPI-Hybrid-Graphics)
[    0.205302] ACPI: Executed 1 blocks of module-level executable AML code
[    0.209855] ACPI: Interpreter enabled
[    0.210607] ACPI: (supports S0 S5)
[    0.212004] ACPI: Using IOAPIC for interrupt routing
[    0.213278] PCI: Using host bridge windows from ACPI; if necessary, use "pci=nocrs" and report a bug
[    0.215199] ACPI: Enabled 2 GPEs in block 00 to 07
[    0.222838] ACPI: PCI Root Bridge [PCI0] (domain 0000 [bus 00-ff])
[    0.224008] acpi PNP0A03:00: _OSC: OS supports [ASPM ClockPM Segments MSI]
[    0.225838] acpi PNP0A03:00: _OSC: not requesting OS control; OS requires [ExtendedConfig ASPM ClockPM MSI]
[    0.227679] acpi PNP0A03:00: fail to add MMCONFIG information, can't access extended PCI configuration space under this bridge.
[    0.228431] PCI host bridge to bus 0000:00
[    0.229226] pci_bus 0000:00: root bus resource [io  0x0000-0x0cf7 window]
[    0.232003] pci_bus 0000:00: root bus resource [io  0x0d00-0xffff window]
[    0.233260] pci_bus 0000:00: root bus resource [mem 0x000a0000-0x000bffff window]
[    0.236004] pci_bus 0000:00: root bus resource [mem 0x40000000-0xfdffffff window]
[    0.237483] pci_bus 0000:00: root bus resource [bus 00-ff]
[    0.241609] pci 0000:00:01.1: legacy IDE quirk: reg 0x10: [io  0x01f0-0x01f7]
[    0.242913] pci 0000:00:01.1: legacy IDE quirk: reg 0x14: [io  0x03f6]
[    0.244000] pci 0000:00:01.1: legacy IDE quirk: reg 0x18: [io  0x0170-0x0177]
[    0.244012] pci 0000:00:01.1: legacy IDE quirk: reg 0x1c: [io  0x0376]
[    0.269140] pci 0000:00:07.0: quirk: [io  0x4000-0x403f] claimed by PIIX4 ACPI
[    0.270938] pci 0000:00:07.0: quirk: [io  0x4100-0x410f] claimed by PIIX4 SMB
[    0.282417] ACPI: PCI Interrupt Link [LNKA] (IRQs 5 9 10 *11)
[    0.284362] ACPI: PCI Interrupt Link [LNKB] (IRQs 5 9 *10 11)
[    0.286507] ACPI: PCI Interrupt Link [LNKC] (IRQs 5 *9 10 11)
[    0.288210] ACPI: PCI Interrupt Link [LNKD] (IRQs 5 9 10 *11)
[    0.290489] SCSI subsystem initialized
[    0.292106] pci 0000:00:02.0: vgaarb: setting as boot VGA device
[    0.293869] pci 0000:00:02.0: vgaarb: VGA device added: decodes=io+mem,owns=io+mem,locks=none
[    0.296018] pci 0000:00:02.0: vgaarb: bridge control possible
[    0.297502] vgaarb: loaded
[    0.298579] ACPI: bus type USB registered
[    0.300049] usbcore: registered new interface driver usbfs
[    0.301757] usbcore: registered new interface driver hub
[    0.304031] usbcore: registered new device driver usb
[    0.305516] EDAC MC: Ver: 3.0.0
[    0.305516] PCI: Using ACPI for IRQ routing
[    0.308433] NetLabel: Initializing
[    0.309432] NetLabel:  domain hash size = 128
[    0.310918] NetLabel:  protocols = UNLABELED CIPSOv4 CALIPSO
[    0.312056] NetLabel:  unlabeled traffic allowed by default
[    0.313713] clocksource: Switched to clocksource kvm-clock
[    0.334491] VFS: Disk quotas dquot_6.6.0
[    0.335923] VFS: Dquot-cache hash table entries: 512 (order 0, 4096 bytes)
[    0.338309] AppArmor: AppArmor Filesystem Enabled
[    0.339888] pnp: PnP ACPI init
[    0.342550] pnp: PnP ACPI: found 3 devices
[    0.352676] clocksource: acpi_pm: mask: 0xffffff max_cycles: 0xffffff, max_idle_ns: 2085701024 ns
[    0.355604] NET: Registered protocol family 2
[    0.357103] IP idents hash table entries: 16384 (order: 5, 131072 bytes)
[    0.362610] TCP established hash table entries: 8192 (order: 4, 65536 bytes)
[    0.364966] TCP bind hash table entries: 8192 (order: 5, 131072 bytes)
[    0.367184] TCP: Hash tables configured (established 8192 bind 8192)
[    0.369377] UDP hash table entries: 512 (order: 2, 16384 bytes)
[    0.371210] UDP-Lite hash table entries: 512 (order: 2, 16384 bytes)
[    0.372643] NET: Registered protocol family 1
[    0.373480] pci 0000:00:00.0: Limiting direct PCI/PCI transfers
[    0.374581] pci 0000:00:01.0: Activating ISA DMA hang workarounds
[    0.375776] pci 0000:00:02.0: Video device with shadowed ROM at [mem 0x000c0000-0x000dffff]
[    0.377464] Unpacking initramfs...
[    0.674602] Freeing initrd memory: 19536K
[    0.675634] clocksource: tsc: mask: 0xffffffffffffffff max_cycles: 0x33e452fbb2f, max_idle_ns: 440795236593 ns
[    0.677854] platform rtc_cmos: registered platform RTC device (no PNP device found)
[    0.679469] Scanning for low memory corruption every 60 seconds
[    0.681469] Initialise system trusted keyrings
[    0.682394] Key type blacklist registered
[    0.683845] workingset: timestamp_bits=36 max_order=18 bucket_order=0
[    0.686105] zbud: loaded
[    0.687240] squashfs: version 4.0 (2009/01/31) Phillip Lougher
[    0.688700] fuse init (API version 7.26)
[    0.691776] Key type asymmetric registered
[    0.693026] Asymmetric key parser 'x509' registered
[    0.694443] Block layer SCSI generic (bsg) driver version 0.4 loaded (major 246)
[    0.696154] io scheduler noop registered
[    0.696979] io scheduler deadline registered
[    0.697975] io scheduler cfq registered (default)
[    0.699470] ACPI: AC Adapter [AC] (on-line)
[    0.700781] input: Power Button as /devices/LNXSYSTM:00/LNXPWRBN:00/input/input0
[    0.702472] ACPI: Power Button [PWRF]
[    0.703350] input: Sleep Button as /devices/LNXSYSTM:00/LNXSLPBN:00/input/input1
[    0.704977] ACPI: Sleep Button [SLPF]
[    0.706372] Serial: 8250/16550 driver, 32 ports, IRQ sharing enabled
[    0.728429] 00:02: ttyS0 at I/O 0x3f8 (irq = 4, base_baud = 115200) is a 16550A
[    0.735822] Linux agpgart interface v0.103
[    0.741490] loop: module loaded
[    0.742948] scsi host0: ata_piix
[    0.744048] scsi host1: ata_piix
[    0.745181] ata1: PATA max UDMA/33 cmd 0x1f0 ctl 0x3f6 bmdma 0xd000 irq 14
[    0.746593] ata2: PATA max UDMA/33 cmd 0x170 ctl 0x376 bmdma 0xd008 irq 15
[    0.748074] tun: Universal TUN/TAP device driver, 1.6
[    0.749498] PPP generic driver version 2.4.2
[    0.750671] ehci_hcd: USB 2.0 'Enhanced' Host Controller (EHCI) Driver
[    0.752062] ehci-pci: EHCI PCI platform driver
[    0.753014] ehci-platform: EHCI generic platform driver
[    0.754084] ohci_hcd: USB 1.1 'Open' Host Controller (OHCI) Driver
[    0.755340] ohci-pci: OHCI PCI platform driver
[    0.756466] ohci-platform: OHCI generic platform driver
[    0.757533] uhci_hcd: USB Universal Host Controller Interface driver
[    0.758922] i8042: PNP: PS/2 Controller [PNP0303:PS2K,PNP0f03:PS2M] at 0x60,0x64 irq 1,12
[    0.761198] serio: i8042 KBD port at 0x60,0x64 irq 1
[    0.762352] serio: i8042 AUX port at 0x60,0x64 irq 12
[    0.763628] mousedev: PS/2 mouse device common for all mice
[    0.765374] input: AT Translated Set 2 keyboard as /devices/platform/i8042/serio0/input/input2
[    0.767524] rtc_cmos rtc_cmos: rtc core: registered rtc_cmos as rtc0
[    0.768883] rtc_cmos rtc_cmos: alarms up to one day, 114 bytes nvram
[    0.770204] i2c /dev entries driver
[    0.771025] device-mapper: uevent: version 1.0.3
[    0.772181] device-mapper: ioctl: 4.37.0-ioctl (2017-09-20) initialised: dm-devel@redhat.com
[    0.773988] ledtrig-cpu: registered to indicate activity on CPUs
[    0.775536] NET: Registered protocol family 10
[    0.781105] Segment Routing with IPv6
[    0.782138] NET: Registered protocol family 17
[    0.783526] Key type dns_resolver registered
[    0.784682] mce: Using 0 MCE banks
[    0.785454] RAS: Correctable Errors collector initialized.
[    0.786568] sched_clock: Marking stable (784656974, 0)->(976854269, -192197295)
[    0.788819] registered taskstats version 1
[    0.789697] Loading compiled-in X.509 certificates
[    0.792807] Loaded X.509 cert 'Build time autogenerated kernel key: ffc9dd3886e7b6bb89620497cc57c4262b59bc54'
[    0.795387] Loaded X.509 cert 'Canonical Ltd. Live Patch Signing: 14df34d1a87cf37625abec039ef2bf521249b969'
[    0.797980] Loaded X.509 cert 'Canonical Ltd. Kernel Module Signing: 88f752e560a1e0737e31163a466ad7b70a850c19'
[    0.800661] blacklist: Loading compiled-in revocation X.509 certificates
[    0.802072] Loaded X.509 cert 'Canonical Ltd. Secure Boot Signing: 61482aa2830d0ab2ad5af10b7250da9033ddcef0'
[    0.804087] zswap: loaded using pool lzo/zbud
[    0.808280] Key type big_key registered
[    0.809143] Key type trusted registered
[    0.811892] Key type encrypted registered
[    0.812850] AppArmor: AppArmor sha1 policy hashing enabled
[    0.813960] ima: No TPM chip found, activating TPM-bypass! (rc=-19)
[    0.815225] ima: Allocated hash algorithm: sha1
[    0.816449] evm: HMAC attrs: 0x1
[    0.817547]   Magic number: 14:463:275
[    0.818387] tty tty12: hash matches
[    0.819155] edac mc: hash matches
[    0.820321] rtc_cmos rtc_cmos: setting system clock to 2022-11-22 10:17:33 UTC (1669112253)
[    0.822206] BIOS EDD facility v0.16 2004-Jun-25, 0 devices found
[    0.823424] EDD information not available.
[    0.946918] Freeing unused kernel image memory: 2472K
[    1.126677] Write protecting the kernel read-only data: 20480k
[    1.135447] Freeing unused kernel image memory: 2008K
[    1.142502] Freeing unused kernel image memory: 1824K
[    1.174597] x86/mm: Checked W+X mappings: passed, no W+X pages found.
[    1.177729] x86/mm: Checking user space page tables
[    1.199502] x86/mm: Checked W+X mappings: passed, no W+X pages found.
Loading, please wait...
starting version 237
[    1.293421] Fusion MPT base driver 3.04.20
[    1.294842] Copyright (c) 1999-2008 LSI Corporation
[    1.329329] e1000: Intel(R) PRO/1000 Network Driver - version 7.3.21-k8-NAPI
[    1.332048] e1000: Copyright (c) 1999-2006 Intel Corporation.
[    1.345918] Fusion MPT SPI Host driver 3.04.20
[    1.347142] AVX2 version of gcm_enc/dec engaged.
[    1.348443] AES CTR mode by8 optimization enabled
[    1.529394] input: ImExPS/2 Generic Explorer Mouse as /devices/platform/i8042/serio1/input/input4
[    1.771921] e1000 0000:00:03.0 eth0: (PCI:33MHz:32-bit) 02:a6:12:9f:2a:1a
[    1.775442] e1000 0000:00:03.0 eth0: Intel(R) PRO/1000 Network Connection
[    1.781751] mptbase: ioc0: Initiating bringup
[    1.786639] e1000 0000:00:03.0 enp0s3: renamed from eth0
[    1.892986] ioc0: LSI53C1030 A0: Capabilities={Initiator}
[    2.138188] scsi host2: ioc0: LSI53C1030 A0, FwRev=00000000h, Ports=1, MaxQ=256, IRQ=20
[    2.308553] scsi 2:0:0:0: Direct-Access     VBOX     HARDDISK         1.0  PQ: 0 ANSI: 5
[    2.340227] scsi target2:0:0: Beginning Domain Validation
[    2.343330] scsi target2:0:0: Domain Validation skipping write tests
[    2.347053] scsi target2:0:0: Ending Domain Validation
[    2.348920] scsi target2:0:0: asynchronous
[    2.351180] scsi 2:0:1:0: Direct-Access     VBOX     HARDDISK         1.0  PQ: 0 ANSI: 5
[    2.384150] scsi target2:0:1: Beginning Domain Validation
[    2.389354] scsi target2:0:1: Domain Validation skipping write tests
[    2.391130] scsi target2:0:1: Ending Domain Validation
[    2.393057] scsi target2:0:1: asynchronous
[    2.401491] sd 2:0:0:0: Attached scsi generic sg0 type 0
[    2.401891] sd 2:0:0:0: [sda] 83886080 512-byte logical blocks: (42.9 GB/40.0 GiB)
[    2.408293] sd 2:0:0:0: [sda] Write Protect is off
[    2.410026] sd 2:0:1:0: Attached scsi generic sg1 type 0
[    2.410557] sd 2:0:0:0: [sda] Incomplete mode parameter data
[    2.413212] sd 2:0:0:0: [sda] Assuming drive cache: write through
[    2.415079] sd 2:0:1:0: [sdb] 20480 512-byte logical blocks: (10.5 MB/10.0 MiB)
[    2.416492]  sda: sda1
[    2.419630] sd 2:0:1:0: [sdb] Write Protect is off
[    2.420531] sd 2:0:0:0: [sda] Attached SCSI disk
[    2.422145] sd 2:0:1:0: [sdb] Incomplete mode parameter data
[    2.423791] sd 2:0:1:0: [sdb] Assuming drive cache: write through
[    2.430447] sd 2:0:1:0: [sdb] Attached SCSI disk
Begin: Loading essential drivers ... [    3.984058] raid6: sse2x1   gen() 11748 MB/s
[    4.032053] raid6: sse2x1   xor()  8795 MB/s
[    4.080076] raid6: sse2x2   gen() 14816 MB/s
[    4.128062] raid6: sse2x2   xor()  9819 MB/s
[    4.176074] raid6: sse2x4   gen() 16953 MB/s
[    4.224047] raid6: sse2x4   xor() 10372 MB/s
[    4.272076] raid6: avx2x1   gen() 24204 MB/s
[    4.320040] raid6: avx2x1   xor() 11917 MB/s
[    4.368052] raid6: avx2x2   gen() 19975 MB/s
[    4.416026] raid6: avx2x2   xor() 18084 MB/s
[    4.464067] raid6: avx2x4   gen() 33094 MB/s
[    4.512013] raid6: avx2x4   xor() 17251 MB/s
[    4.513377] raid6: using algorithm avx2x4 gen() 33094 MB/s
[    4.515101] raid6: .... xor() 17251 MB/s, rmw enabled
[    4.516635] raid6: using avx2x2 recovery algorithm
[    4.522819] xor: automatically using best checksumming function   avx       
[    4.528673] async_tx: api initialized (async)
done.
Begin: Running /scripts/init-premount ... done.
Begin: Mounting root file system ... Begin: Running /scripts/local-top ... done.
Begin: Running /scripts/local-premount ... [    4.590386] Btrfs loaded, crc32c=crc32c-intel
Scanning for Btrfs filesystems
done.
Warning: fsck not present, so skipping root file system
[    4.620103] EXT4-fs (sda1): mounted filesystem with ordered data mode. Opts: (null)
done.
Begin: Running /scripts/local-bottom ... done.
Begin: Running /scripts/init-bottom ... done.
[    4.829144] ip_tables: (C) 2000-2006 Netfilter Core Team
[    4.839888] systemd[1]: systemd 237 running in system mode. (+PAM +AUDIT +SELINUX +IMA +APPARMOR +SMACK +SYSVINIT +UTMP +LIBCRYPTSETUP +GCRYPT +GNUTLS +ACL +XZ +LZ4 +SECCOMP +BLKID +ELFUTILS +KMOD -IDN2 +IDN -PCRE2 default-hierarchy=hybrid)
[    4.843892] systemd[1]: Detected virtualization oracle.
[    4.845022] systemd[1]: Detected architecture x86-64.

Welcome to [1mUbuntu 18.04.6 LTS[0m!

[    4.851708] systemd[1]: Set hostname to <ubuntu>.
[    4.857617] systemd[1]: Initializing machine ID from random generator.
[    4.859017] systemd[1]: Installed transient /etc/machine-id file.
[    5.192408] systemd[1]: Reached target Swap.
[[0;32m  OK  [0m] Reached target Swap.
[    5.485465] systemd[1]: Started Forward Password Requests to Wall Directory Watch.
[[0;32m  OK  [0m] Started Forward Password Requests to Wall Directory Watch.
[    5.496823] systemd[1]: Created slice System Slice.
[[0;32m  OK  [0m] Created slice System Slice.
[    5.501411] systemd[1]: Listening on LVM2 poll daemon socket.
[[0;32m  OK  [0m] Listening on LVM2 poll daemon socket.
[[0;32m  OK  [0m] Listening on LVM2 metadata daemon socket.
[[0;32m  OK  [0m] Listening on Journal Audit Socket.
[[0;32m  OK  [0m] Listening on Network Service Netlink Socket.
[[0;32m  OK  [0m] Listening on fsck to fsckd communication Socket.
[[0;32m  OK  [0m] Listening on Journal Socket (/dev/log).
[[0;32m  OK  [0m] Listening on Journal Socket.
         Mounting POSIX Message Queue File System...
         Starting Set the console keyboard layout...
[[0;32m  OK  [0m] Listening on udev Kernel Socket.
[[0;32m  OK  [0m] Listening on Device-mapper event daemon FIFOs.
         Starting Uncomplicated firewall...
[[0;32m  OK  [0m] Listening on udev Control Socket.
         Starting udev Coldplug all Devices...
         Starting Create list of required st…ce nodes for the current kernel...
[[0;32m  OK  [0m] Created slice User and Session Slice.
[[0;32m  OK  [0m] Reached target Slices.
         Mounting Kernel Debug File System...
[[0;32m  OK  [0m] Reached target User and Group Name Lookups.
         Mounting Huge Pages File System...
[[0;32m  OK  [0m] Created slice system-serial\x2dgetty.slice.
         Starting Monitoring of LVM2 mirrors…ng dmeventd or progress polling...
[[0;32m  OK  [0m] Listening on Syslog Socket.
         Starting Journal Service...
         Starting File System Check on Root Device...
[[0;32m  OK  [0m] Reached target System Time Synchronized.
         Starting Load Kernel Modules...
[[0;32m  OK  [0m] Listening on /dev/initctl Compatibility Named Pipe.
[[0;32m  OK  [0m] Set up automount Arbitrary Executab…rmats File System Automount Point.
[[0;32m  OK  [0m] Mounted POSIX Message Queue File System.
[[0;32m  OK  [0m] Started Uncomplicated firewall.
[[0;32m  OK  [0m] Started Create list of required sta…vice nodes for the current kernel.
[[0;32m  OK  [0m] Mounted Kernel Debug File System.
[[0;32m  OK  [0m] Mounted Huge Pages File System.
[[0;32m  OK  [0m] Started File System Check Daemon to report status.
         Starting Create Static Device Nodes in /dev...
[[0;32m  OK  [0m] Started LVM2 metadata daemon.
[[0;32m  OK  [0m] Started udev Coldplug all Devices.
[[0;32m  OK  [0m] Started Journal Service.
[    5.720217] Loading iSCSI transport class v2.0-870.
[    5.727014] iscsi: registered transport (tcp)
[[0;32m  OK  [0m] Started Create Static Device Nodes in /dev.
[[0;32m  OK  [0m] Started File System Check on Root Device.
         Starting Remount Root and Kernel File Systems...
[    5.796443] iscsi: registered transport (iser)
[[0;32m  OK  [0m] Started Load Kernel Modules.
         Mounting Kernel Configuration File System...
         Starting Apply Kernel Variables...
         Mounting FUSE Control File System...
[[0;32m  OK  [0m] Mounted Kernel Configuration File System.
[[0;32m  OK  [0m] Started Monitoring of LVM2 mirrors,…sing dmeventd or progress polling.
[[0;32m  OK  [0m] Mounted FUSE Control File System.
[[0;32m  OK  [0m] Started Remount Root and Kernel File Systems.
         Starting Load/Save Random Seed...
         Starting udev Kernel Device Manager...
         Starting Flush Journal to Persistent Storage...
[[0;32m  OK  [0m] Started Apply Kernel Variables.
[[0;32m  OK  [0m] Started Load/Save Random Seed.
[[0;32m  OK  [0m] Started udev Kernel Device Manager.
[[0;32m  OK  [0m] Started Flush Journal to Persistent Storage.
[[0;32m  OK  [0m] Found device /dev/ttyS0.
[[0;32m  OK  [0m] Listening on Load/Save RF Kill Switch Status /dev/rfkill Watch.
         Mounting Arbitrary Executable File Formats File System...
[[0;32m  OK  [0m] Mounted Arbitrary Executable File Formats File System.
[[0;32m  OK  [0m] Started Set the console keyboard layout.
[[0;32m  OK  [0m] Started Dispatch Password Requests to Console Directory Watch.
[[0;32m  OK  [0m] Reached target Local Encrypted Volumes.
[[0;32m  OK  [0m] Reached target Local File Systems (Pre).
[[0;32m  OK  [0m] Reached target Local File Systems.
         Starting AppArmor initialization...
         Starting Tell Plymouth To Write Out Runtime Data...
         Starting ebtables ruleset management...
         Starting Commit a transient machine-id on disk...
         Starting Set console font and keymap...
         Starting Create Volatile Files and Directories...
[[0;32m  OK  [0m] Started Tell Plymouth To Write Out Runtime Data.
[[0;32m  OK  [0m] Started Create Volatile Files and Directories.
         Starting Update UTMP about System Boot/Shutdown...
[[0;32m  OK  [0m] Started Update UTMP about System Boot/Shutdown.
[[0;32m  OK  [0m] Started Commit a transient machine-id on disk.
[[0;32m  OK  [0m] Started ebtables ruleset management.
[[0;32m  OK  [0m] Started Set console font and keymap.
[[0;32m  OK  [0m] Started AppArmor initialization.
         Starting Load AppArmor profiles managed internally by snapd...
         Starting Initial cloud-init job (pre-networking)...
[[0;32m  OK  [0m] Started Load AppArmor profiles managed internally by snapd.
[   11.222771] cloud-init[848]: Cloud-init v. 22.3.4-0ubuntu1~18.04.1 running 'init-local' at Tue, 22 Nov 2022 10:17:43 +0000. Up 10.79 seconds.
[[0;32m  OK  [0m] Started Initial cloud-init job (pre-networking).
[[0;32m  OK  [0m] Reached target Network (Pre).
         Starting Network Service...
[[0;32m  OK  [0m] Started Network Service.
         Starting Wait for Network to be Configured...
         Starting Network Name Resolution...
[[0;32m  OK  [0m] Started Network Name Resolution.
[[0;32m  OK  [0m] Reached target Host and Network Name Lookups.
[[0;32m  OK  [0m] Reached target Network.
[[0;32m  OK  [0m] Started Wait for Network to be Configured.
         Starting Initial cloud-init job (metadata service crawler)...
[   13.830283] cloud-init[958]: Cloud-init v. 22.3.4-0ubuntu1~18.04.1 running 'init' at Tue, 22 Nov 2022 10:17:46 +0000. Up 13.51 seconds.
[   13.833110] cloud-init[958]: ci-info: ++++++++++++++++++++++++++++++++++++++Net device info++++++++++++++++++++++++++++++++++++++
[   13.835603] cloud-init[958]: ci-info: +--------+------+----------------------------+---------------+--------+-------------------+
[   13.838393] cloud-init[958]: ci-info: | Device |  Up  |          Address           |      Mask     | Scope  |     Hw-Address    |
[   13.841128] cloud-init[958]: ci-info: +--------+------+----------------------------+---------------+--------+-------------------+
[   13.844488] cloud-init[958]: ci-info: | enp0s3 | True |         10.0.2.15          | 255.255.255.0 | global | 02:a6:12:9f:2a:1a |
[   13.847043] cloud-init[958]: ci-info: | enp0s3 | True | fe80::a6:12ff:fe9f:2a1a/64 |       .       |  link  | 02:a6:12:9f:2a:1a |
[   13.849808] cloud-init[958]: ci-info: |   lo   | True |         127.0.0.1          |   255.0.0.0   |  host  |         .         |
[   13.852491] cloud-init[958]: ci-info: |   lo   | True |          ::1/128           |       .       |  host  |         .         |
[   13.855223] cloud-init[958]: ci-info: +--------+------+----------------------------+---------------+--------+-------------------+
[   13.857974] cloud-init[958]: ci-info: ++++++++++++++++++++++++++++Route IPv4 info+++++++++++++++++++++++++++++
[   13.860379] cloud-init[958]: ci-info: +-------+-------------+----------+-----------------+-----------+-------+
[   13.862675] cloud-init[958]: ci-info: | Route | Destination | Gateway  |     Genmask     | Interface | Flags |
[   13.864807] cloud-init[958]: ci-info: +-------+-------------+----------+-----------------+-----------+-------+
[   13.866944] cloud-init[958]: ci-info: |   0   |   0.0.0.0   | 10.0.2.2 |     0.0.0.0     |   enp0s3  |   UG  |
[   13.868980] cloud-init[958]: ci-info: |   1   |   10.0.2.0  | 0.0.0.0  |  255.255.255.0  |   enp0s3  |   U   |
[   13.870973] cloud-init[958]: ci-info: |   2   |   10.0.2.2  | 0.0.0.0  | 255.255.255.255 |   enp0s3  |   UH  |
[   13.873391] cloud-init[958]: ci-info: +-------+-------------+----------+-----------------+-----------+-------+
[   13.875889] cloud-init[958]: ci-info: +++++++++++++++++++Route IPv6 info+++++++++++++++++++
[   13.877758] cloud-init[958]: ci-info: +-------+-------------+---------+-----------+-------+
[   13.879536] cloud-init[958]: ci-info: | Route | Destination | Gateway | Interface | Flags |
[   13.881238] cloud-init[958]: ci-info: +-------+-------------+---------+-----------+-------+
[   13.882888] cloud-init[958]: ci-info: |   1   |  fe80::/64  |    ::   |   enp0s3  |   U   |
[   13.885783] cloud-init[958]: ci-info: |   3   |    local    |    ::   |   enp0s3  |   U   |
[   13.887429] cloud-init[958]: ci-info: |   4   |   ff00::/8  |    ::   |   enp0s3  |   U   |
[   13.889284] cloud-init[958]: ci-info: +-------+-------------+---------+-----------+-------+
[   14.627544] cloud-init[958]: Generating public/private rsa key pair.
[   14.629420] cloud-init[958]: Your identification has been saved in /etc/ssh/ssh_host_rsa_key.
[   14.631314] cloud-init[958]: Your public key has been saved in /etc/ssh/ssh_host_rsa_key.pub.
[   14.633255] cloud-init[958]: The key fingerprint is:
[   14.634508] cloud-init[958]: SHA256:z2P/LaFZA7LIpOtorQW15AyW02CHpsOl8+ylZJKLvuE root@ubuntu-bionic
[   14.636362] cloud-init[958]: The key's randomart image is:
[   14.637689] cloud-init[958]: +---[RSA 2048]----+
[   14.638893] cloud-init[958]: |    o..          |
[   14.640156] cloud-init[958]: |   .+=           |
[   14.641335] cloud-init[958]: | . == +          |
[   14.642583] cloud-init[958]: |  *. B .. . .    |
[   14.643734] cloud-init[958]: |   *. ++S. o .   |
[   14.644870] cloud-init[958]: |  o =.o oo.   +  |
[   14.646870] cloud-init[958]: | o * +..  =  + o |
[   14.655440] cloud-init[958]: |o o +oo  . oo .. |
[   14.656589] cloud-init[958]: |.E..oo.     .....|
[   14.657651] cloud-init[958]: +----[SHA256]-----+
[   14.658815] cloud-init[958]: Generating public/private dsa key pair.
[   14.660259] cloud-init[958]: Your identification has been saved in /etc/ssh/ssh_host_dsa_key.
[   14.662047] cloud-init[958]: Your public key has been saved in /etc/ssh/ssh_host_dsa_key.pub.
[   14.663785] cloud-init[958]: The key fingerprint is:
[   14.665155] cloud-init[958]: SHA256:ei5kDZNELUXvMynYH3lyaqxrEv7zzjYfWCUeyVp1N7A root@ubuntu-bionic
[   14.667156] cloud-init[958]: The key's randomart image is:
[   14.684783] cloud-init[958]: +---[DSA 1024]----+
[   14.698805] cloud-init[958]: |     ..+o    .o.o|
[   14.700269] cloud-init[958]: |      o .. . o..o|
[   14.701745] cloud-init[958]: |     . o  . *E.  |
[   14.703102] cloud-init[958]: |      +o . * +   |
[   14.704452] cloud-init[958]: |      .+S X =    |
[   14.705701] cloud-init[958]: |      +..+ @     |
[   14.706904] cloud-init[958]: |     +... * .    |
[   14.708139] cloud-init[958]: |      +oo+o  .   |
[   14.709291] cloud-init[958]: |       ==*+o.    |
[   14.710552] cloud-init[958]: +----[SHA256]-----+
[   14.728795] cloud-init[958]: Generating public/private ecdsa key pair.
[[0;32m  OK  [0m[   14.731258] cloud-init[958]: Your identification has been saved in /etc/ssh/ssh_host_ecdsa_key.
[   14.731575] cloud-init[958]: Your public key has been saved in /etc/ssh/ssh_host_ecdsa_key.pub.
[   14.732564] cloud-init[958]: The key fingerprint is:
[   14.733057] cloud-init[958]: SHA256:2MvYw70Nw4eJ4bJFnwnIvJZBeE0zUvQEfhUOsLKHQFo root@ubuntu-bionic
[   14.733625] cloud-init[958]: The key's randomart image is:
[   14.734148] cloud-init[958]: +---[ECDSA 256]---+
[   14.734696] cloud-init[958]: |    E .oOoo o.   |
[   14.735242] cloud-init[958]: |   + . = * +     |
[   14.735823] cloud-init[958]: |  . o + + o .    |
[   14.736794] cloud-init[958]: |     * B .       |
[   14.737324] cloud-init[958]: |      O S        |
[   14.737890] cloud-init[958]: |       % O =     |
[   14.738670] cloud-init[958]: |      * X @ .    |
[   14.739210] cloud-init[958]: |     . + . *     |
[   14.739767] cloud-init[958]: |      .   . .    |
[   14.740730] cloud-init[958]: +----[SHA256]-----+
[   14.741251] cloud-init[958]: Generating public/private ed25519 key pair.
[   14.741800] cloud-init[958]: Your identification has been saved in /etc/ssh/ssh_host_ed25519_key.
[   14.742565] cloud-init[958]: Your public key has been saved in /etc/ssh/ssh_host_ed25519_key.pub.
[   14.743129] cloud-init[958]: The key fingerprint is:
[   14.743659] cloud-init[958]: SHA256:Z2D9QweHyr6YRZodg8PqSl3Ghq2SIREe2blDxpbWvGQ root@ubuntu-bionic
[   14.744425] cloud-init[958]: The key's randomart image is:
[   14.744989] cloud-init[958]: +--[ED25519 256]--+
] Started Initial cloud-init job (metadata service crawler).
[[0;32m  OK  [0m] Reached target Network is Online.
[   14.745497] cloud-init[958]: |  o+ =      ...  |
         Starting Availability of block devices...
[[0;32m  OK  [0m] Reached target Remote File Systems (Pre).
[[0;32m  OK  [0m] Reached target Remote File Systems.
[[0;32m  OK  [0m] Reached target System Initialization.
         Starting Socket activation for snappy daemon.
[[0;32m  OK  [0m] Listening on UUID daemon activation socket.
[[0;32m  OK  [0m] Started Ubuntu Advantage Timer for running repeated jobs.
[[0;32m  OK  [0m] Started ACPI Events Check.
[[0;32m  OK  [0m] Started Message of the Day.
[   14.765626] cloud-init[[0;32m  OK  [0m] Listening on ACPID Listen Socket.
[[0;32m  OK  [0m] Started Discard unused blocks once a week.
[958]: | ..oX E  .  .o   |
[   14.782092] cloud-init[958]: |  o= + ooo... .  |
[   14.783216] cloud-init[958]: |   .o .=+.*o .   |[[0;32m  OK  [0m] Listening on cloud-init hotplug hook socket.

         Starting LXD - unix socket.
[   14.789818] [[0;32m  OK  [0m] Reached target Paths.
[[0;32m  OK  [0m] Started Daily Cleanup of Temporary Directories.
[[0;32m  OK  [0m] Listening on D-Bus System Message Bus Socket.
[[0;32m  OK  [0m] Listening on Open-iSCSI iscsid Socket.
[[0;32m  OK  [0m] Started Daily apt download activities.
[[0;32m  OK  [0m] Started Daily apt upgrade and clean activities.
[[0;32m  OK  [0m] Reached target Timers.
[[0;32m  OK  [0m] Reached target Cloud-config availability.
cloud-init[958]: [[0;32m  OK  [0m] Started Availability of block devices.
[[0;32m  OK  [0m] Listening on Socket activation for snappy daemon.
[[0;32m  OK  [0m] Listening on LXD - unix socket.
[[0;32m  OK  [0m] Reached target Sockets.
[[0;32m  OK  [0m] Reached target Basic System.
|  . ....SBooo    |
         Starting Accounts Service...
[   14.804170]          Starting Virtualbox guest utils...
         Starting Login Service...
cloud-init[958]: |   . +.=oo+  .   |
[   14.808301] cloud-init[958]: |    +.o  + .     |
         Starting Permit User Sessions...
[   14.811813] cloud-init[958]: |   . .. o .      |
[   14.814572] cloud-init[958]: |    ..           |
[   14.817509] cloud-init[958]: +----[SHA256]-----+
[[0;32m  OK  [0m] Started Regular background program processing daemon.
         Starting Pollinate to seed the pseudo random number generator...
[[0;32m  OK  [0m] Reached target Login Prompts (Pre).
[[0;32m  OK  [0m] Started D-Bus System Message Bus.
[[0;32m  OK  [0m] Started Login Service.
         Starting LXD - container startup/shutdown...
[[0;32m  OK  [0m] Started irqbalance daemon.
[[0;32m  OK  [0m] Started Deferred execution scheduler.
         Starting System Logging Service...
         Starting LSB: automatic crash report generation...
[[0;32m  OK  [0m] Started Unattended Upgrades Shutdown.
         Starting LSB: Record successful boot for GRUB...
[[0;32m  OK  [0m] Started FUSE filesystem for LXC.
         Starting Dispatcher daemon for systemd-networkd...
         Starting Snap Daemon...
[[0;32m  OK  [0m] Started System Logging Service.
[[0;32m  OK  [0m] Started Permit User Sessions.
         Starting Authorization Manager...
         Starting Terminate Plymouth Boot Screen...
         Starting Hold until boot process finishes up...
[[0;32m  OK  [0m] Started Hold until boot process finishes up.
[[0;32m  OK  [0m] Started Terminate Plymouth Boot Screen.
[[0;32m  OK  [0m] Started Serial Getty on ttyS0.
         Starting Set console scheme...
[[0;32m  OK  [0m] Started LSB: automatic crash report generation.
[[0;32m  OK  [0m] Started Set console scheme.
[[0;32m  OK  [0m] Created slice system-getty.slice.
[[0;32m  OK  [0m] Started Getty on tty1.
[[0;32m  OK  [0m] Reached target Login Prompts.
[[0;32m  OK  [0m] Started LSB: Record successful boot for GRUB.
[[0;32m  OK  [0m] Started Authorization Manager.
[[0;32m  OK  [0m] Started Accounts Service.
[[0;32m  OK  [0m] Started Virtualbox guest utils.
[[0;32m  OK  [0m] Started LXD - container startup/shutdown.
[[0;32m  OK  [0m] Started Dispatcher daemon for systemd-networkd.
[[0;32m  OK  [0m] Started Snap Daemon.
         Starting Wait until snapd is fully seeded...
         Starting Time & Date Service...
[[0;32m  OK  [0m] Started Time & Date Service.
[[0;32m  OK  [0m] Started Pollinate to seed the pseudo random number generator.
         Starting OpenBSD Secure Shell server...
[[0;32m  OK  [0m] Started OpenBSD Secure Shell server.
[[0;32m  OK  [0m] Created slice User Slice of vagrant.
         Starting User Manager for UID 1000...
[[0;32m  OK  [0m] Started Session 1 of user vagrant.
[[0;32m  OK  [0m] Started User Manager for UID 1000.
[[0;32m  OK  [0m] Started Wait until snapd is fully seeded.
         Starting Apply the settings specified in cloud-config...
[   19.685380] cloud-init[1548]: Cloud-init v. 22.3.4-0ubuntu1~18.04.1 running 'modules:config' at Tue, 22 Nov 2022 10:17:51 +0000. Up 18.66 seconds.
[[0;32m  OK  [0m] Started Apply the settings specified in cloud-config.
[[0;32m  OK  [0m] Reached target Multi-User System.
[[0;32m  OK  [0m] Reached target Graphical Interface.
         Starting Update UTMP about System Runlevel Changes...
         Starting Execute cloud user/final scripts...
[[0;32m  OK  [0m] Started Update UTMP about System Runlevel Changes.
ci-info: no authorized SSH keys fingerprints found for user ubuntu.
<14>Nov 22 10:17:53 cloud-init: #############################################################
<14>Nov 22 10:17:53 cloud-init: -----BEGIN SSH HOST KEY FINGERPRINTS-----
<14>Nov 22 10:17:53 cloud-init: 1024 SHA256:ei5kDZNELUXvMynYH3lyaqxrEv7zzjYfWCUeyVp1N7A root@ubuntu-bionic (DSA)
<14>Nov 22 10:17:53 cloud-init: 256 SHA256:2MvYw70Nw4eJ4bJFnwnIvJZBeE0zUvQEfhUOsLKHQFo root@ubuntu-bionic (ECDSA)
<14>Nov 22 10:17:53 cloud-init: 256 SHA256:Z2D9QweHyr6YRZodg8PqSl3Ghq2SIREe2blDxpbWvGQ root@ubuntu-bionic (ED25519)
<14>Nov 22 10:17:53 cloud-init: 2048 SHA256:z2P/LaFZA7LIpOtorQW15AyW02CHpsOl8+ylZJKLvuE root@ubuntu-bionic (RSA)
<14>Nov 22 10:17:53 cloud-init: -----END SSH HOST KEY FINGERPRINTS-----
<14>Nov 22 10:17:53 cloud-init: #############################################################
-----BEGIN SSH HOST KEY KEYS-----
ecdsa-sha2-nistp256 AAAAE2VjZHNhLXNoYTItbmlzdHAyNTYAAAAIbmlzdHAyNTYAAABBBJlw5LyYWUL4Qc43aNP9IT+xRvEm6olDDHxys/1saj69cYzs9Wiafu/MbxZzLEjB00oLdPIN3b1g+MND6eoB87Y= root@ubuntu-bionic
ssh-ed25519 AAAAC3NzaC1lZDI1NTE5AAAAIGfgUOr9k/Kh2nK5rpaQg5jc3YwbEipsgdXaZ8NEksSl root@ubuntu-bionic
ssh-rsa AAAAB3NzaC1yc2EAAAADAQABAAABAQC5f3dZFLDzCYgjkSzzZd4C5qBbXohM3+Tvpcta7v3MaSDLWi5DXoq9uUzTN9ND5SA/jvx3qXvazFIJXTi6yyF5Idl/yWW660M/G4fGEC8Z2FLei5/oVC+nySwHy7MIwhLhTi8+CEwXH+DTaUZYG9PDR1hOnn1vrtmER/JQXOuLLGe2fCgniCwC2g2RWGmrt1v+RFIsgGpI4XKJVm0MQKa/wKlOAQLlpZQ9kVM7yWZw6m/cekwOJ/63zgtnfuMfr3FxNOmD2kRy5gxLmOH0M9ny3Y7CAGrGZbh3c+OLeN5UXNEfLUumkuNroRedJquvUFqzDj/iXAU3HPVXmy7I+Crb root@ubuntu-bionic
-----END SSH HOST KEY KEYS-----
[   20.864945] cloud-init[1665]: Cloud-init v. 22.3.4-0ubuntu1~18.04.1 running 'modules:final' at Tue, 22 Nov 2022 10:17:53 +0000. Up 20.61 seconds.
[   20.865350] cloud-init[1665]: Cloud-init v. 22.3.4-0ubuntu1~18.04.1 finished at Tue, 22 Nov 2022 10:17:53 +0000. Datasource DataSourceNoCloud [seed=/dev/sdb][dsmode=net].  Up 20.85 seconds

Ubuntu 18.04.6 LTS ubuntu-bionic ttyS0

ubuntu-bionic login: 